0 verbose cli /opt/conda/bin/node /opt/conda/bin/npm
1 info using npm@10.1.0
2 info using node@v20.9.0
3 timing npm:load:whichnode Completed in 1ms
4 timing config:load:defaults Completed in 2ms
5 timing config:load:file:/opt/conda/lib/node_modules/npm/npmrc Completed in 1ms
6 timing config:load:builtin Completed in 1ms
7 timing config:load:cli Completed in 3ms
8 timing config:load:env Completed in 1ms
9 timing config:load:project Completed in 1ms
10 timing config:load:file:/home/jovyan/.npmrc Completed in 3ms
11 timing config:load:user Completed in 3ms
12 timing config:load:file:/opt/conda/etc/npmrc Completed in 0ms
13 timing config:load:global Completed in 0ms
14 timing config:load:setEnvs Completed in 1ms
15 timing config:load Completed in 12ms
16 timing npm:load:configload Completed in 12ms
17 timing config:load:flatten Completed in 2ms
18 timing npm:load:mkdirpcache Completed in 0ms
19 timing npm:load:mkdirplogs Completed in 0ms
20 verbose title npm install localtunnel
21 verbose argv "install" "--global" "localtunnel"
22 timing npm:load:setTitle Completed in 0ms
23 timing npm:load:display Completed in 1ms
24 verbose logfile logs-max:10 dir:/home/jovyan/.npm/_logs/2026-01-13T07_45_50_644Z-
25 verbose logfile /home/jovyan/.npm/_logs/2026-01-13T07_45_50_644Z-debug-0.log
26 timing npm:load:logFile Completed in 7ms
27 timing npm:load:timers Completed in 0ms
28 timing npm:load:configScope Completed in 0ms
29 timing npm:load Completed in 35ms
30 timing config:load:flatten Completed in 0ms
31 timing arborist:ctor Completed in 1ms
32 silly logfile done cleaning log files
33 timing idealTree:init Completed in 5ms
34 timing idealTree:userRequests Completed in 1ms
35 silly idealTree buildDeps
36 silly fetch manifest localtunnel@*
37 http fetch GET 200 https://registry.npmjs.org/localtunnel 77ms (cache miss)
38 silly placeDep ROOT localtunnel@2.0.2 OK for:  want: *
39 silly fetch manifest axios@0.21.4
40 silly fetch manifest debug@4.3.2
41 silly fetch manifest openurl@1.1.1
42 silly fetch manifest yargs@17.1.1
43 http fetch GET 200 https://registry.npmjs.org/debug 33ms (cache miss)
44 http fetch GET 200 https://registry.npmjs.org/npm 156ms (cache miss)
45 http fetch GET 200 https://registry.npmjs.org/axios 65ms (cache miss)
46 http fetch GET 200 https://registry.npmjs.org/openurl 68ms (cache miss)
47 http fetch GET 200 https://registry.npmjs.org/yargs 71ms (cache miss)
48 timing idealTree:#root Completed in 160ms
49 silly placeDep node_modules/localtunnel axios@0.21.4 OK for: localtunnel@2.0.2 want: 0.21.4
50 silly fetch manifest follow-redirects@^1.14.0
51 silly placeDep node_modules/localtunnel debug@4.3.2 OK for: localtunnel@2.0.2 want: 4.3.2
52 silly fetch manifest ms@2.1.2
53 silly placeDep node_modules/localtunnel openurl@1.1.1 OK for: localtunnel@2.0.2 want: 1.1.1
54 silly placeDep node_modules/localtunnel yargs@17.1.1 OK for: localtunnel@2.0.2 want: 17.1.1
55 silly fetch manifest y18n@^5.0.5
56 silly fetch manifest cliui@^7.0.2
57 silly fetch manifest escalade@^3.1.1
58 silly fetch manifest string-width@^4.2.0
59 silly fetch manifest yargs-parser@^20.2.2
60 silly fetch manifest get-caller-file@^2.0.5
61 silly fetch manifest require-directory@^2.1.1
62 http fetch GET 200 https://registry.npmjs.org/ms 50ms (cache miss)
63 http fetch GET 200 https://registry.npmjs.org/cliui 49ms (cache miss)
64 http fetch GET 200 https://registry.npmjs.org/y18n 50ms (cache miss)
65 http fetch GET 200 https://registry.npmjs.org/follow-redirects 55ms (cache miss)
66 http fetch GET 200 https://registry.npmjs.org/require-directory 64ms (cache miss)
67 http fetch GET 200 https://registry.npmjs.org/get-caller-file 66ms (cache miss)
68 http fetch GET 200 https://registry.npmjs.org/escalade 69ms (cache miss)
69 http fetch GET 200 https://registry.npmjs.org/string-width 72ms (cache miss)
70 http fetch GET 200 https://registry.npmjs.org/yargs-parser 74ms (cache miss)
71 timing idealTree:node_modules/localtunnel Completed in 85ms
72 silly placeDep node_modules/localtunnel follow-redirects@1.15.11 OK for: axios@0.21.4 want: ^1.14.0
73 timing idealTree:node_modules/localtunnel/node_modules/axios Completed in 2ms
74 silly placeDep node_modules/localtunnel ms@2.1.2 OK for: debug@4.3.2 want: 2.1.2
75 timing idealTree:node_modules/localtunnel/node_modules/debug Completed in 1ms
76 timing idealTree:node_modules/localtunnel/node_modules/follow-redirects Completed in 0ms
77 timing idealTree:node_modules/localtunnel/node_modules/ms Completed in 0ms
78 timing idealTree:node_modules/localtunnel/node_modules/openurl Completed in 0ms
79 silly placeDep node_modules/localtunnel cliui@7.0.4 OK for: yargs@17.1.1 want: ^7.0.2
80 silly fetch manifest wrap-ansi@^7.0.0
81 silly fetch manifest strip-ansi@^6.0.0
82 silly placeDep node_modules/localtunnel escalade@3.2.0 OK for: yargs@17.1.1 want: ^3.1.1
83 silly placeDep node_modules/localtunnel get-caller-file@2.0.5 OK for: yargs@17.1.1 want: ^2.0.5
84 silly placeDep node_modules/localtunnel require-directory@2.1.1 OK for: yargs@17.1.1 want: ^2.1.1
85 silly placeDep node_modules/localtunnel string-width@4.2.3 OK for: yargs@17.1.1 want: ^4.2.0
86 silly fetch manifest strip-ansi@^6.0.1
87 silly fetch manifest emoji-regex@^8.0.0
88 silly fetch manifest is-fullwidth-code-point@^3.0.0
89 silly placeDep node_modules/localtunnel y18n@5.0.8 OK for: yargs@17.1.1 want: ^5.0.5
90 silly placeDep node_modules/localtunnel yargs-parser@20.2.9 OK for: yargs@17.1.1 want: ^20.2.2
91 http fetch GET 200 https://registry.npmjs.org/wrap-ansi 33ms (cache miss)
92 http fetch GET 200 https://registry.npmjs.org/is-fullwidth-code-point 34ms (cache miss)
93 http fetch GET 200 https://registry.npmjs.org/strip-ansi 39ms (cache miss)
94 http fetch GET 200 https://registry.npmjs.org/emoji-regex 36ms (cache miss)
95 http fetch GET 200 https://registry.npmjs.org/strip-ansi 45ms (cache miss)
96 timing idealTree:node_modules/localtunnel/node_modules/yargs Completed in 54ms
97 silly placeDep node_modules/localtunnel strip-ansi@6.0.1 OK for: cliui@7.0.4 want: ^6.0.0
98 silly fetch manifest ansi-regex@^5.0.1
99 silly placeDep node_modules/localtunnel wrap-ansi@7.0.0 OK for: cliui@7.0.4 want: ^7.0.0
100 silly fetch manifest ansi-styles@^4.0.0
101 http fetch GET 200 https://registry.npmjs.org/ansi-regex 24ms (cache miss)
102 http fetch GET 200 https://registry.npmjs.org/ansi-styles 27ms (cache miss)
103 timing idealTree:node_modules/localtunnel/node_modules/cliui Completed in 32ms
104 timing idealTree:node_modules/localtunnel/node_modules/escalade Completed in 0ms
105 timing idealTree:node_modules/localtunnel/node_modules/get-caller-file Completed in 0ms
106 timing idealTree:node_modules/localtunnel/node_modules/require-directory Completed in 0ms
107 silly placeDep node_modules/localtunnel emoji-regex@8.0.0 OK for: string-width@4.2.3 want: ^8.0.0
108 silly placeDep node_modules/localtunnel is-fullwidth-code-point@3.0.0 OK for: string-width@4.2.3 want: ^3.0.0
109 timing idealTree:node_modules/localtunnel/node_modules/string-width Completed in 2ms
110 timing idealTree:node_modules/localtunnel/node_modules/emoji-regex Completed in 0ms
111 timing idealTree:node_modules/localtunnel/node_modules/is-fullwidth-code-point Completed in 0ms
112 silly placeDep node_modules/localtunnel ansi-regex@5.0.1 OK for: strip-ansi@6.0.1 want: ^5.0.1
113 timing idealTree:node_modules/localtunnel/node_modules/strip-ansi Completed in 1ms
114 timing idealTree:node_modules/localtunnel/node_modules/ansi-regex Completed in 0ms
115 silly placeDep node_modules/localtunnel ansi-styles@4.3.0 OK for: wrap-ansi@7.0.0 want: ^4.0.0
116 silly fetch manifest color-convert@^2.0.1
117 http fetch GET 200 https://registry.npmjs.org/color-convert 27ms (cache miss)
118 timing idealTree:node_modules/localtunnel/node_modules/wrap-ansi Completed in 30ms
119 silly placeDep node_modules/localtunnel color-convert@2.0.1 OK for: ansi-styles@4.3.0 want: ^2.0.1
120 silly fetch manifest color-name@~1.1.4
121 http fetch GET 200 https://registry.npmjs.org/color-name 24ms (cache miss)
122 timing idealTree:node_modules/localtunnel/node_modules/ansi-styles Completed in 25ms
123 silly placeDep node_modules/localtunnel color-name@1.1.4 OK for: color-convert@2.0.1 want: ~1.1.4
124 timing idealTree:node_modules/localtunnel/node_modules/color-convert Completed in 1ms
125 timing idealTree:node_modules/localtunnel/node_modules/color-name Completed in 0ms
126 timing idealTree:node_modules/localtunnel/node_modules/y18n Completed in 0ms
127 timing idealTree:node_modules/localtunnel/node_modules/yargs-parser Completed in 0ms
128 timing idealTree:buildDeps Completed in 395ms
129 timing idealTree:fixDepFlags Completed in 1ms
130 timing idealTree Completed in 403ms
131 timing reify:loadTrees Completed in 406ms
132 timing reify:diffTrees Completed in 2ms
133 silly reify moves {}
134 timing reify:retireShallow Completed in 1ms
135 timing reify:createSparse Completed in 2ms
136 timing reify:loadBundles Completed in 0ms
137 silly tarball no local data for localtunnel@https://registry.npmjs.org/localtunnel/-/localtunnel-2.0.2.tgz. Extracting by manifest.
138 silly tarball no local data for color-name@https://registry.npmjs.org/color-name/-/color-name-1.1.4.tgz. Extracting by manifest.
139 silly tarball no local data for ansi-styles@https://registry.npmjs.org/ansi-styles/-/ansi-styles-4.3.0.tgz. Extracting by manifest.
140 silly tarball no local data for ansi-regex@https://registry.npmjs.org/ansi-regex/-/ansi-regex-5.0.1.tgz. Extracting by manifest.
141 silly tarball no local data for is-fullwidth-code-point@https://registry.npmjs.org/is-fullwidth-code-point/-/is-fullwidth-code-point-3.0.0.tgz. Extracting by manifest.
142 silly tarball no local data for wrap-ansi@https://registry.npmjs.org/wrap-ansi/-/wrap-ansi-7.0.0.tgz. Extracting by manifest.
143 silly tarball no local data for emoji-regex@https://registry.npmjs.org/emoji-regex/-/emoji-regex-8.0.0.tgz. Extracting by manifest.
144 silly tarball no local data for strip-ansi@https://registry.npmjs.org/strip-ansi/-/strip-ansi-6.0.1.tgz. Extracting by manifest.
145 silly tarball no local data for yargs-parser@https://registry.npmjs.org/yargs-parser/-/yargs-parser-20.2.9.tgz. Extracting by manifest.
146 silly tarball no local data for y18n@https://registry.npmjs.org/y18n/-/y18n-5.0.8.tgz. Extracting by manifest.
147 silly tarball no local data for require-directory@https://registry.npmjs.org/require-directory/-/require-directory-2.1.1.tgz. Extracting by manifest.
148 silly tarball no local data for get-caller-file@https://registry.npmjs.org/get-caller-file/-/get-caller-file-2.0.5.tgz. Extracting by manifest.
149 silly tarball no local data for cliui@https://registry.npmjs.org/cliui/-/cliui-7.0.4.tgz. Extracting by manifest.
150 silly tarball no local data for ms@https://registry.npmjs.org/ms/-/ms-2.1.2.tgz. Extracting by manifest.
151 silly tarball no local data for escalade@https://registry.npmjs.org/escalade/-/escalade-3.2.0.tgz. Extracting by manifest.
152 silly tarball no local data for string-width@https://registry.npmjs.org/string-width/-/string-width-4.2.3.tgz. Extracting by manifest.
153 silly tarball no local data for color-convert@https://registry.npmjs.org/color-convert/-/color-convert-2.0.1.tgz. Extracting by manifest.
154 silly tarball no local data for follow-redirects@https://registry.npmjs.org/follow-redirects/-/follow-redirects-1.15.11.tgz. Extracting by manifest.
155 silly tarball no local data for yargs@https://registry.npmjs.org/yargs/-/yargs-17.1.1.tgz. Extracting by manifest.
156 silly tarball no local data for openurl@https://registry.npmjs.org/openurl/-/openurl-1.1.1.tgz. Extracting by manifest.
157 silly tarball no local data for debug@https://registry.npmjs.org/debug/-/debug-4.3.2.tgz. Extracting by manifest.
158 silly tarball no local data for axios@https://registry.npmjs.org/axios/-/axios-0.21.4.tgz. Extracting by manifest.
159 http fetch GET 200 https://registry.npmjs.org/color-name/-/color-name-1.1.4.tgz 111ms (cache miss)
160 timing reifyNode:node_modules/localtunnel/node_modules/color-name Completed in 125ms
161 http fetch GET 200 https://registry.npmjs.org/ansi-regex/-/ansi-regex-5.0.1.tgz 110ms (cache miss)
162 timing reifyNode:node_modules/localtunnel/node_modules/ansi-regex Completed in 126ms
163 http fetch GET 200 https://registry.npmjs.org/strip-ansi/-/strip-ansi-6.0.1.tgz 108ms (cache miss)
164 timing reifyNode:node_modules/localtunnel/node_modules/strip-ansi Completed in 125ms
165 http fetch GET 200 https://registry.npmjs.org/is-fullwidth-code-point/-/is-fullwidth-code-point-3.0.0.tgz 116ms (cache miss)
166 timing reifyNode:node_modules/localtunnel/node_modules/is-fullwidth-code-point Completed in 131ms
167 http fetch GET 200 https://registry.npmjs.org/ansi-styles/-/ansi-styles-4.3.0.tgz 127ms (cache miss)
168 timing reifyNode:node_modules/localtunnel/node_modules/ansi-styles Completed in 141ms
169 http fetch GET 200 https://registry.npmjs.org/wrap-ansi/-/wrap-ansi-7.0.0.tgz 125ms (cache miss)
170 timing reifyNode:node_modules/localtunnel/node_modules/wrap-ansi Completed in 140ms
171 http fetch GET 200 https://registry.npmjs.org/emoji-regex/-/emoji-regex-8.0.0.tgz 137ms (cache miss)
172 timing reifyNode:node_modules/localtunnel/node_modules/emoji-regex Completed in 153ms
173 http fetch GET 200 https://registry.npmjs.org/localtunnel/-/localtunnel-2.0.2.tgz 155ms (cache miss)
174 timing reifyNode:node_modules/localtunnel Completed in 167ms
175 http fetch GET 200 https://registry.npmjs.org/yargs-parser/-/yargs-parser-20.2.9.tgz 158ms (cache miss)
176 timing reifyNode:node_modules/localtunnel/node_modules/yargs-parser Completed in 175ms
177 http fetch GET 200 https://registry.npmjs.org/get-caller-file/-/get-caller-file-2.0.5.tgz 156ms (cache miss)
178 timing reifyNode:node_modules/localtunnel/node_modules/get-caller-file Completed in 176ms
179 http fetch GET 200 https://registry.npmjs.org/openurl/-/openurl-1.1.1.tgz 152ms (cache miss)
180 timing reifyNode:node_modules/localtunnel/node_modules/openurl Completed in 177ms
181 http fetch GET 200 https://registry.npmjs.org/require-directory/-/require-directory-2.1.1.tgz 159ms (cache miss)
182 timing reifyNode:node_modules/localtunnel/node_modules/require-directory Completed in 178ms
183 http fetch GET 200 https://registry.npmjs.org/escalade/-/escalade-3.2.0.tgz 156ms (cache miss)
184 timing reifyNode:node_modules/localtunnel/node_modules/escalade Completed in 178ms
185 http fetch GET 200 https://registry.npmjs.org/ms/-/ms-2.1.2.tgz 157ms (cache miss)
186 timing reifyNode:node_modules/localtunnel/node_modules/ms Completed in 178ms
187 http fetch GET 200 https://registry.npmjs.org/string-width/-/string-width-4.2.3.tgz 157ms (cache miss)
188 timing reifyNode:node_modules/localtunnel/node_modules/string-width Completed in 179ms
189 http fetch GET 200 https://registry.npmjs.org/y18n/-/y18n-5.0.8.tgz 162ms (cache miss)
190 timing reifyNode:node_modules/localtunnel/node_modules/y18n Completed in 180ms
191 http fetch GET 200 https://registry.npmjs.org/cliui/-/cliui-7.0.4.tgz 160ms (cache miss)
192 timing reifyNode:node_modules/localtunnel/node_modules/cliui Completed in 180ms
193 http fetch GET 200 https://registry.npmjs.org/color-convert/-/color-convert-2.0.1.tgz 158ms (cache miss)
194 timing reifyNode:node_modules/localtunnel/node_modules/color-convert Completed in 182ms
195 http fetch GET 200 https://registry.npmjs.org/follow-redirects/-/follow-redirects-1.15.11.tgz 159ms (cache miss)
196 timing reifyNode:node_modules/localtunnel/node_modules/follow-redirects Completed in 183ms
197 http fetch GET 200 https://registry.npmjs.org/debug/-/debug-4.3.2.tgz 157ms (cache miss)
198 timing reifyNode:node_modules/localtunnel/node_modules/debug Completed in 184ms
199 http fetch GET 200 https://registry.npmjs.org/axios/-/axios-0.21.4.tgz 177ms (cache miss)
200 timing reifyNode:node_modules/localtunnel/node_modules/axios Completed in 203ms
201 http fetch GET 200 https://registry.npmjs.org/yargs/-/yargs-17.1.1.tgz 181ms (cache miss)
202 timing reifyNode:node_modules/localtunnel/node_modules/yargs Completed in 205ms
203 timing reify:unpack Completed in 206ms
204 timing reify:unretire Completed in 0ms
205 timing build:queue Completed in 0ms
206 timing build:link:node_modules/localtunnel Completed in 1ms
207 timing build:link Completed in 1ms
208 timing build:deps Completed in 3ms
209 timing build Completed in 3ms
210 timing reify:build Completed in 3ms
211 timing reify:trash Completed in 0ms
212 timing reify Completed in 654ms
213 silly ADD node_modules/localtunnel
214 silly ADD node_modules/localtunnel/node_modules/color-name
215 silly ADD node_modules/localtunnel/node_modules/color-convert
216 silly ADD node_modules/localtunnel/node_modules/ansi-styles
217 silly ADD node_modules/localtunnel/node_modules/ansi-regex
218 silly ADD node_modules/localtunnel/node_modules/is-fullwidth-code-point
219 silly ADD node_modules/localtunnel/node_modules/emoji-regex
220 silly ADD node_modules/localtunnel/node_modules/wrap-ansi
221 silly ADD node_modules/localtunnel/node_modules/strip-ansi
222 silly ADD node_modules/localtunnel/node_modules/yargs-parser
223 silly ADD node_modules/localtunnel/node_modules/y18n
224 silly ADD node_modules/localtunnel/node_modules/string-width
225 silly ADD node_modules/localtunnel/node_modules/require-directory
226 silly ADD node_modules/localtunnel/node_modules/get-caller-file
227 silly ADD node_modules/localtunnel/node_modules/escalade
228 silly ADD node_modules/localtunnel/node_modules/cliui
229 silly ADD node_modules/localtunnel/node_modules/ms
230 silly ADD node_modules/localtunnel/node_modules/follow-redirects
231 silly ADD node_modules/localtunnel/node_modules/yargs
232 silly ADD node_modules/localtunnel/node_modules/openurl
233 silly ADD node_modules/localtunnel/node_modules/debug
234 silly ADD node_modules/localtunnel/node_modules/axios
235 timing command:install Completed in 660ms
236 notice
236 notice New [31mmajor[39m version of npm available! [31m10.1.0[39m -> [32m11.7.0[39m
236 notice Changelog: [36mhttps://github.com/npm/cli/releases/tag/v11.7.0[39m
236 notice Run [32mnpm install -g npm@11.7.0[39m to update!
236 notice
237 verbose exit 0
238 timing npm Completed in 852ms
239 info ok
