0 verbose cli /opt/conda/bin/node /opt/conda/bin/npm
1 info using npm@10.1.0
2 info using node@v20.9.0
3 timing npm:load:whichnode Completed in 1ms
4 timing config:load:defaults Completed in 1ms
5 timing config:load:file:/opt/conda/lib/node_modules/npm/npmrc Completed in 1ms
6 timing config:load:builtin Completed in 1ms
7 timing config:load:cli Completed in 2ms
8 timing config:load:env Completed in 1ms
9 timing config:load:project Completed in 2ms
10 timing config:load:file:/home/jovyan/.npmrc Completed in 0ms
11 timing config:load:user Completed in 0ms
12 timing config:load:file:/opt/conda/etc/npmrc Completed in 0ms
13 timing config:load:global Completed in 0ms
14 timing config:load:setEnvs Completed in 1ms
15 timing config:load Completed in 9ms
16 timing npm:load:configload Completed in 9ms
17 timing config:load:flatten Completed in 2ms
18 timing npm:load:mkdirpcache Completed in 0ms
19 timing npm:load:mkdirplogs Completed in 0ms
20 verbose title npm install localtunnel
21 verbose argv "install" "--global" "localtunnel"
22 timing npm:load:setTitle Completed in 1ms
23 timing npm:load:display Completed in 0ms
24 verbose logfile logs-max:10 dir:/home/jovyan/.npm/_logs/2026-01-13T08_36_07_227Z-
25 verbose logfile /home/jovyan/.npm/_logs/2026-01-13T08_36_07_227Z-debug-0.log
26 timing npm:load:logFile Completed in 7ms
27 timing npm:load:timers Completed in 1ms
28 timing npm:load:configScope Completed in 0ms
29 timing npm:load Completed in 33ms
30 timing config:load:flatten Completed in 0ms
31 timing arborist:ctor Completed in 1ms
32 silly logfile done cleaning log files
33 timing idealTree:init Completed in 7ms
34 timing idealTree:userRequests Completed in 3ms
35 silly idealTree buildDeps
36 silly fetch manifest localtunnel@*
37 http fetch GET 200 https://registry.npmjs.org/localtunnel 13ms (cache hit)
38 silly placeDep ROOT localtunnel@2.0.2 OK for:  want: *
39 silly fetch manifest axios@0.21.4
40 silly fetch manifest debug@4.3.2
41 silly fetch manifest openurl@1.1.1
42 silly fetch manifest yargs@17.1.1
43 http fetch GET 200 https://registry.npmjs.org/axios 11ms (cache hit)
44 http fetch GET 200 https://registry.npmjs.org/yargs 18ms (cache hit)
45 http fetch GET 200 https://registry.npmjs.org/debug 21ms (cache hit)
46 http fetch GET 200 https://registry.npmjs.org/openurl 21ms (cache hit)
47 timing idealTree:#root Completed in 45ms
48 silly placeDep node_modules/localtunnel axios@0.21.4 OK for: localtunnel@2.0.2 want: 0.21.4
49 silly fetch manifest follow-redirects@^1.14.0
50 silly placeDep node_modules/localtunnel debug@4.3.2 OK for: localtunnel@2.0.2 want: 4.3.2
51 silly fetch manifest ms@2.1.2
52 silly placeDep node_modules/localtunnel openurl@1.1.1 OK for: localtunnel@2.0.2 want: 1.1.1
53 silly placeDep node_modules/localtunnel yargs@17.1.1 OK for: localtunnel@2.0.2 want: 17.1.1
54 silly fetch manifest y18n@^5.0.5
55 silly fetch manifest cliui@^7.0.2
56 silly fetch manifest escalade@^3.1.1
57 silly fetch manifest string-width@^4.2.0
58 silly fetch manifest yargs-parser@^20.2.2
59 silly fetch manifest get-caller-file@^2.0.5
60 silly fetch manifest require-directory@^2.1.1
61 http fetch GET 200 https://registry.npmjs.org/ms 14ms (cache hit)
62 http fetch GET 200 https://registry.npmjs.org/escalade 13ms (cache hit)
63 http fetch GET 200 https://registry.npmjs.org/y18n 14ms (cache hit)
64 http fetch GET 200 https://registry.npmjs.org/cliui 14ms (cache hit)
65 http fetch GET 200 https://registry.npmjs.org/get-caller-file 15ms (cache hit)
66 http fetch GET 200 https://registry.npmjs.org/follow-redirects 22ms (cache hit)
67 http fetch GET 200 https://registry.npmjs.org/require-directory 17ms (cache hit)
68 http fetch GET 200 https://registry.npmjs.org/string-width 19ms (cache hit)
69 http fetch GET 200 https://registry.npmjs.org/yargs-parser 20ms (cache hit)
70 timing idealTree:node_modules/localtunnel Completed in 36ms
71 silly placeDep node_modules/localtunnel follow-redirects@1.15.11 OK for: axios@0.21.4 want: ^1.14.0
72 timing idealTree:node_modules/localtunnel/node_modules/axios Completed in 1ms
73 silly placeDep node_modules/localtunnel ms@2.1.2 OK for: debug@4.3.2 want: 2.1.2
74 timing idealTree:node_modules/localtunnel/node_modules/debug Completed in 2ms
75 timing idealTree:node_modules/localtunnel/node_modules/follow-redirects Completed in 0ms
76 timing idealTree:node_modules/localtunnel/node_modules/ms Completed in 0ms
77 timing idealTree:node_modules/localtunnel/node_modules/openurl Completed in 0ms
78 silly placeDep node_modules/localtunnel cliui@7.0.4 OK for: yargs@17.1.1 want: ^7.0.2
79 silly fetch manifest wrap-ansi@^7.0.0
80 silly fetch manifest strip-ansi@^6.0.0
81 silly placeDep node_modules/localtunnel escalade@3.2.0 OK for: yargs@17.1.1 want: ^3.1.1
82 silly placeDep node_modules/localtunnel get-caller-file@2.0.5 OK for: yargs@17.1.1 want: ^2.0.5
83 silly placeDep node_modules/localtunnel require-directory@2.1.1 OK for: yargs@17.1.1 want: ^2.1.1
84 silly placeDep node_modules/localtunnel string-width@4.2.3 OK for: yargs@17.1.1 want: ^4.2.0
85 silly fetch manifest strip-ansi@^6.0.1
86 silly fetch manifest emoji-regex@^8.0.0
87 silly fetch manifest is-fullwidth-code-point@^3.0.0
88 silly placeDep node_modules/localtunnel y18n@5.0.8 OK for: yargs@17.1.1 want: ^5.0.5
89 silly placeDep node_modules/localtunnel yargs-parser@20.2.9 OK for: yargs@17.1.1 want: ^20.2.2
90 http fetch GET 200 https://registry.npmjs.org/emoji-regex 6ms (cache hit)
91 http fetch GET 200 https://registry.npmjs.org/strip-ansi 12ms (cache hit)
92 http fetch GET 200 https://registry.npmjs.org/wrap-ansi 15ms (cache hit)
93 http fetch GET 200 https://registry.npmjs.org/strip-ansi 11ms (cache hit)
94 http fetch GET 200 https://registry.npmjs.org/is-fullwidth-code-point 13ms (cache hit)
95 timing idealTree:node_modules/localtunnel/node_modules/yargs Completed in 23ms
96 silly placeDep node_modules/localtunnel strip-ansi@6.0.1 OK for: cliui@7.0.4 want: ^6.0.0
97 silly fetch manifest ansi-regex@^5.0.1
98 silly placeDep node_modules/localtunnel wrap-ansi@7.0.0 OK for: cliui@7.0.4 want: ^7.0.0
99 silly fetch manifest ansi-styles@^4.0.0
100 http fetch GET 200 https://registry.npmjs.org/ansi-regex 3ms (cache hit)
101 http fetch GET 200 https://registry.npmjs.org/ansi-styles 3ms (cache hit)
102 timing idealTree:node_modules/localtunnel/node_modules/cliui Completed in 6ms
103 timing idealTree:node_modules/localtunnel/node_modules/escalade Completed in 0ms
104 timing idealTree:node_modules/localtunnel/node_modules/get-caller-file Completed in 0ms
105 timing idealTree:node_modules/localtunnel/node_modules/require-directory Completed in 0ms
106 silly placeDep node_modules/localtunnel emoji-regex@8.0.0 OK for: string-width@4.2.3 want: ^8.0.0
107 silly placeDep node_modules/localtunnel is-fullwidth-code-point@3.0.0 OK for: string-width@4.2.3 want: ^3.0.0
108 timing idealTree:node_modules/localtunnel/node_modules/string-width Completed in 2ms
109 timing idealTree:node_modules/localtunnel/node_modules/emoji-regex Completed in 0ms
110 timing idealTree:node_modules/localtunnel/node_modules/is-fullwidth-code-point Completed in 0ms
111 silly placeDep node_modules/localtunnel ansi-regex@5.0.1 OK for: strip-ansi@6.0.1 want: ^5.0.1
112 timing idealTree:node_modules/localtunnel/node_modules/strip-ansi Completed in 1ms
113 timing idealTree:node_modules/localtunnel/node_modules/ansi-regex Completed in 0ms
114 silly placeDep node_modules/localtunnel ansi-styles@4.3.0 OK for: wrap-ansi@7.0.0 want: ^4.0.0
115 silly fetch manifest color-convert@^2.0.1
116 http fetch GET 200 https://registry.npmjs.org/color-convert 2ms (cache hit)
117 timing idealTree:node_modules/localtunnel/node_modules/wrap-ansi Completed in 3ms
118 silly placeDep node_modules/localtunnel color-convert@2.0.1 OK for: ansi-styles@4.3.0 want: ^2.0.1
119 silly fetch manifest color-name@~1.1.4
120 http fetch GET 200 https://registry.npmjs.org/color-name 2ms (cache hit)
121 timing idealTree:node_modules/localtunnel/node_modules/ansi-styles Completed in 4ms
122 silly placeDep node_modules/localtunnel color-name@1.1.4 OK for: color-convert@2.0.1 want: ~1.1.4
123 timing idealTree:node_modules/localtunnel/node_modules/color-convert Completed in 1ms
124 timing idealTree:node_modules/localtunnel/node_modules/color-name Completed in 0ms
125 timing idealTree:node_modules/localtunnel/node_modules/y18n Completed in 0ms
126 timing idealTree:node_modules/localtunnel/node_modules/yargs-parser Completed in 0ms
127 timing idealTree:buildDeps Completed in 126ms
128 timing idealTree:fixDepFlags Completed in 1ms
129 timing idealTree Completed in 138ms
130 timing reify:loadTrees Completed in 146ms
131 timing reify:diffTrees Completed in 2ms
132 silly reify mark retired [ '/opt/conda/lib/node_modules/localtunnel', '/opt/conda/bin/lt' ]
133 silly reify moves {
133 silly reify   '/opt/conda/lib/node_modules/localtunnel': '/opt/conda/lib/node_modules/.localtunnel-gnKEkruc',
133 silly reify   '/opt/conda/bin/lt': '/opt/conda/bin/.lt-HxfVtmRY'
133 silly reify }
134 timing reify:retireShallow Completed in 2ms
135 timing reify:createSparse Completed in 2ms
136 timing reify:loadBundles Completed in 0ms
137 timing reifyNode:node_modules/localtunnel/node_modules/wrap-ansi Completed in 56ms
138 timing reifyNode:node_modules/localtunnel/node_modules/openurl Completed in 56ms
139 timing reifyNode:node_modules/localtunnel/node_modules/ms Completed in 56ms
140 timing reifyNode:node_modules/localtunnel/node_modules/color-name Completed in 56ms
141 timing reifyNode:node_modules/localtunnel/node_modules/string-width Completed in 58ms
142 timing reifyNode:node_modules/localtunnel/node_modules/is-fullwidth-code-point Completed in 57ms
143 timing reifyNode:node_modules/localtunnel/node_modules/strip-ansi Completed in 59ms
144 timing reifyNode:node_modules/localtunnel/node_modules/ansi-regex Completed in 58ms
145 timing reifyNode:node_modules/localtunnel/node_modules/get-caller-file Completed in 58ms
146 timing reifyNode:node_modules/localtunnel/node_modules/ansi-styles Completed in 59ms
147 timing reifyNode:node_modules/localtunnel/node_modules/require-directory Completed in 61ms
148 timing reifyNode:node_modules/localtunnel/node_modules/color-convert Completed in 61ms
149 timing reifyNode:node_modules/localtunnel/node_modules/debug Completed in 61ms
150 timing reifyNode:node_modules/localtunnel/node_modules/follow-redirects Completed in 61ms
151 timing reifyNode:node_modules/localtunnel/node_modules/emoji-regex Completed in 62ms
152 timing reifyNode:node_modules/localtunnel/node_modules/escalade Completed in 62ms
153 timing reifyNode:node_modules/localtunnel/node_modules/y18n Completed in 64ms
154 timing reifyNode:node_modules/localtunnel/node_modules/cliui Completed in 63ms
155 timing reifyNode:node_modules/localtunnel Completed in 64ms
156 timing reifyNode:node_modules/localtunnel/node_modules/yargs-parser Completed in 66ms
157 timing reifyNode:node_modules/localtunnel/node_modules/axios Completed in 73ms
158 timing reifyNode:node_modules/localtunnel/node_modules/yargs Completed in 75ms
159 timing reify:unpack Completed in 75ms
160 timing reify:unretire Completed in 1ms
161 timing build:queue Completed in 1ms
162 timing build:link:node_modules/localtunnel Completed in 2ms
163 timing build:link Completed in 2ms
164 timing build:deps Completed in 3ms
165 timing build Completed in 3ms
166 timing reify:build Completed in 3ms
167 timing reify:trash Completed in 6ms
168 timing reify Completed in 245ms
169 silly CHANGE node_modules/localtunnel
170 silly CHANGE node_modules/localtunnel/node_modules/yargs-parser
171 silly CHANGE node_modules/localtunnel/node_modules/yargs
172 silly CHANGE node_modules/localtunnel/node_modules/y18n
173 silly CHANGE node_modules/localtunnel/node_modules/wrap-ansi
174 silly CHANGE node_modules/localtunnel/node_modules/strip-ansi
175 silly CHANGE node_modules/localtunnel/node_modules/string-width
176 silly CHANGE node_modules/localtunnel/node_modules/require-directory
177 silly CHANGE node_modules/localtunnel/node_modules/openurl
178 silly CHANGE node_modules/localtunnel/node_modules/ms
179 silly CHANGE node_modules/localtunnel/node_modules/is-fullwidth-code-point
180 silly CHANGE node_modules/localtunnel/node_modules/get-caller-file
181 silly CHANGE node_modules/localtunnel/node_modules/follow-redirects
182 silly CHANGE node_modules/localtunnel/node_modules/escalade
183 silly CHANGE node_modules/localtunnel/node_modules/emoji-regex
184 silly CHANGE node_modules/localtunnel/node_modules/debug
185 silly CHANGE node_modules/localtunnel/node_modules/color-convert
186 silly CHANGE node_modules/localtunnel/node_modules/color-name
187 silly CHANGE node_modules/localtunnel/node_modules/cliui
188 silly CHANGE node_modules/localtunnel/node_modules/ansi-styles
189 silly CHANGE node_modules/localtunnel/node_modules/axios
190 silly CHANGE node_modules/localtunnel/node_modules/ansi-regex
191 timing command:install Completed in 250ms
192 verbose exit 0
193 timing npm Completed in 429ms
194 info ok
