0 verbose cli /opt/conda/bin/node /opt/conda/bin/npm
1 info using npm@10.1.0
2 info using node@v20.9.0
3 timing npm:load:whichnode Completed in 1ms
4 timing config:load:defaults Completed in 1ms
5 timing config:load:file:/opt/conda/lib/node_modules/npm/npmrc Completed in 1ms
6 timing config:load:builtin Completed in 1ms
7 timing config:load:cli Completed in 2ms
8 timing config:load:env Completed in 1ms
9 timing config:load:project Completed in 2ms
10 timing config:load:file:/home/jovyan/.npmrc Completed in 0ms
11 timing config:load:user Completed in 0ms
12 timing config:load:file:/opt/conda/etc/npmrc Completed in 0ms
13 timing config:load:global Completed in 0ms
14 timing config:load:setEnvs Completed in 1ms
15 timing config:load Completed in 9ms
16 timing npm:load:configload Completed in 9ms
17 timing config:load:flatten Completed in 2ms
18 timing npm:load:mkdirpcache Completed in 0ms
19 timing npm:load:mkdirplogs Completed in 0ms
20 verbose title npm install localtunnel
21 verbose argv "install" "localtunnel"
22 timing npm:load:setTitle Completed in 1ms
23 timing npm:load:display Completed in 0ms
24 verbose logfile logs-max:10 dir:/home/jovyan/.npm/_logs/2026-01-13T08_34_09_621Z-
25 verbose logfile /home/jovyan/.npm/_logs/2026-01-13T08_34_09_621Z-debug-0.log
26 timing npm:load:logFile Completed in 7ms
27 timing npm:load:timers Completed in 0ms
28 timing npm:load:configScope Completed in 0ms
29 timing npm:load Completed in 31ms
30 timing config:load:flatten Completed in 0ms
31 timing arborist:ctor Completed in 1ms
32 silly logfile done cleaning log files
33 timing arborist:ctor Completed in 0ms
34 timing idealTree:init Completed in 10ms
35 timing idealTree:userRequests Completed in 3ms
36 silly idealTree buildDeps
37 silly fetch manifest localtunnel@*
38 http fetch GET 200 https://registry.npmjs.org/localtunnel 134ms (cache revalidated)
39 silly placeDep ROOT localtunnel@2.0.2 OK for:  want: *
40 silly fetch manifest axios@0.21.4
41 silly fetch manifest debug@4.3.2
42 silly fetch manifest openurl@1.1.1
43 silly fetch manifest yargs@17.1.1
44 http fetch GET 200 https://registry.npmjs.org/debug 35ms (cache revalidated)
45 http fetch GET 200 https://registry.npmjs.org/openurl 48ms (cache revalidated)
46 http fetch GET 200 https://registry.npmjs.org/yargs 48ms (cache revalidated)
47 http fetch GET 200 https://registry.npmjs.org/axios 57ms (cache revalidated)
48 timing idealTree:#root Completed in 201ms
49 silly placeDep ROOT axios@0.21.4 OK for: localtunnel@2.0.2 want: 0.21.4
50 silly fetch manifest follow-redirects@^1.14.0
51 silly placeDep ROOT debug@4.3.2 OK for: localtunnel@2.0.2 want: 4.3.2
52 silly fetch manifest ms@2.1.2
53 silly placeDep ROOT openurl@1.1.1 OK for: localtunnel@2.0.2 want: 1.1.1
54 silly placeDep ROOT yargs@17.1.1 OK for: localtunnel@2.0.2 want: 17.1.1
55 silly fetch manifest y18n@^5.0.5
56 silly fetch manifest cliui@^7.0.2
57 silly fetch manifest escalade@^3.1.1
58 silly fetch manifest string-width@^4.2.0
59 silly fetch manifest yargs-parser@^20.2.2
60 silly fetch manifest get-caller-file@^2.0.5
61 silly fetch manifest require-directory@^2.1.1
62 http fetch GET 200 https://registry.npmjs.org/ms 41ms (cache revalidated)
63 http fetch GET 200 https://registry.npmjs.org/escalade 38ms (cache revalidated)
64 http fetch GET 200 https://registry.npmjs.org/y18n 40ms (cache revalidated)
65 http fetch GET 200 https://registry.npmjs.org/follow-redirects 48ms (cache revalidated)
66 http fetch GET 200 https://registry.npmjs.org/yargs-parser 55ms (cache revalidated)
67 http fetch GET 200 https://registry.npmjs.org/get-caller-file 58ms (cache revalidated)
68 http fetch GET 200 https://registry.npmjs.org/require-directory 61ms (cache revalidated)
69 http fetch GET 200 https://registry.npmjs.org/string-width 66ms (cache revalidated)
70 http fetch GET 200 https://registry.npmjs.org/cliui 73ms (cache revalidated)
71 timing idealTree:node_modules/localtunnel Completed in 88ms
72 silly placeDep ROOT follow-redirects@1.15.11 OK for: axios@0.21.4 want: ^1.14.0
73 timing idealTree:node_modules/axios Completed in 2ms
74 silly placeDep ROOT ms@2.1.2 OK for: debug@4.3.2 want: 2.1.2
75 timing idealTree:node_modules/debug Completed in 2ms
76 timing idealTree:node_modules/follow-redirects Completed in 0ms
77 timing idealTree:node_modules/ms Completed in 0ms
78 timing idealTree:node_modules/openurl Completed in 0ms
79 silly placeDep ROOT cliui@7.0.4 OK for: yargs@17.1.1 want: ^7.0.2
80 silly fetch manifest wrap-ansi@^7.0.0
81 silly fetch manifest strip-ansi@^6.0.0
82 silly placeDep ROOT escalade@3.2.0 OK for: yargs@17.1.1 want: ^3.1.1
83 silly placeDep ROOT get-caller-file@2.0.5 OK for: yargs@17.1.1 want: ^2.0.5
84 silly placeDep ROOT require-directory@2.1.1 OK for: yargs@17.1.1 want: ^2.1.1
85 silly placeDep ROOT string-width@4.2.3 OK for: yargs@17.1.1 want: ^4.2.0
86 silly fetch manifest strip-ansi@^6.0.1
87 silly fetch manifest emoji-regex@^8.0.0
88 silly fetch manifest is-fullwidth-code-point@^3.0.0
89 silly placeDep ROOT y18n@5.0.8 OK for: yargs@17.1.1 want: ^5.0.5
90 silly placeDep ROOT yargs-parser@20.2.9 OK for: yargs@17.1.1 want: ^20.2.2
91 http fetch GET 200 https://registry.npmjs.org/strip-ansi 28ms (cache revalidated)
92 http fetch GET 200 https://registry.npmjs.org/wrap-ansi 37ms (cache revalidated)
93 http fetch GET 200 https://registry.npmjs.org/is-fullwidth-code-point 36ms (cache revalidated)
94 http fetch GET 200 https://registry.npmjs.org/strip-ansi 41ms (cache revalidated)
95 http fetch GET 200 https://registry.npmjs.org/emoji-regex 37ms (cache revalidated)
96 timing idealTree:node_modules/yargs Completed in 47ms
97 silly placeDep ROOT strip-ansi@6.0.1 OK for: cliui@7.0.4 want: ^6.0.0
98 silly fetch manifest ansi-regex@^5.0.1
99 silly placeDep ROOT wrap-ansi@7.0.0 OK for: cliui@7.0.4 want: ^7.0.0
100 silly fetch manifest ansi-styles@^4.0.0
101 http fetch GET 200 https://registry.npmjs.org/ansi-regex 24ms (cache revalidated)
102 http fetch GET 200 https://registry.npmjs.org/ansi-styles 29ms (cache revalidated)
103 timing idealTree:node_modules/cliui Completed in 33ms
104 timing idealTree:node_modules/escalade Completed in 0ms
105 timing idealTree:node_modules/get-caller-file Completed in 0ms
106 timing idealTree:node_modules/require-directory Completed in 0ms
107 silly placeDep ROOT emoji-regex@8.0.0 OK for: string-width@4.2.3 want: ^8.0.0
108 silly placeDep ROOT is-fullwidth-code-point@3.0.0 OK for: string-width@4.2.3 want: ^3.0.0
109 timing idealTree:node_modules/string-width Completed in 2ms
110 timing idealTree:node_modules/emoji-regex Completed in 0ms
111 timing idealTree:node_modules/is-fullwidth-code-point Completed in 0ms
112 silly placeDep ROOT ansi-regex@5.0.1 OK for: strip-ansi@6.0.1 want: ^5.0.1
113 timing idealTree:node_modules/strip-ansi Completed in 1ms
114 timing idealTree:node_modules/ansi-regex Completed in 0ms
115 silly placeDep ROOT ansi-styles@4.3.0 OK for: wrap-ansi@7.0.0 want: ^4.0.0
116 silly fetch manifest color-convert@^2.0.1
117 http fetch GET 200 https://registry.npmjs.org/color-convert 27ms (cache revalidated)
118 timing idealTree:node_modules/wrap-ansi Completed in 29ms
119 silly placeDep ROOT color-convert@2.0.1 OK for: ansi-styles@4.3.0 want: ^2.0.1
120 silly fetch manifest color-name@~1.1.4
121 http fetch GET 200 https://registry.npmjs.org/color-name 27ms (cache revalidated)
122 timing idealTree:node_modules/ansi-styles Completed in 30ms
123 silly placeDep ROOT color-name@1.1.4 OK for: color-convert@2.0.1 want: ~1.1.4
124 timing idealTree:node_modules/color-convert Completed in 1ms
125 timing idealTree:node_modules/color-name Completed in 0ms
126 timing idealTree:node_modules/y18n Completed in 0ms
127 timing idealTree:node_modules/yargs-parser Completed in 0ms
128 timing idealTree:buildDeps Completed in 439ms
129 timing idealTree:fixDepFlags Completed in 1ms
130 timing idealTree Completed in 455ms
131 timing reify:loadTrees Completed in 455ms
132 timing reify:diffTrees Completed in 1ms
133 silly reify moves {}
134 timing reify:retireShallow Completed in 1ms
135 timing reify:createSparse Completed in 1ms
136 timing reify:loadBundles Completed in 0ms
137 timing reifyNode:node_modules/color-name Completed in 67ms
138 timing reifyNode:node_modules/wrap-ansi Completed in 66ms
139 timing reifyNode:node_modules/ms Completed in 66ms
140 timing reifyNode:node_modules/openurl Completed in 66ms
141 timing reifyNode:node_modules/is-fullwidth-code-point Completed in 67ms
142 timing reifyNode:node_modules/ansi-regex Completed in 68ms
143 timing reifyNode:node_modules/string-width Completed in 68ms
144 timing reifyNode:node_modules/strip-ansi Completed in 68ms
145 timing reifyNode:node_modules/ansi-styles Completed in 69ms
146 timing reifyNode:node_modules/get-caller-file Completed in 69ms
147 timing reifyNode:node_modules/require-directory Completed in 70ms
148 timing reifyNode:node_modules/color-convert Completed in 72ms
149 timing reifyNode:node_modules/debug Completed in 70ms
150 timing reifyNode:node_modules/follow-redirects Completed in 71ms
151 timing reifyNode:node_modules/emoji-regex Completed in 72ms
152 timing reifyNode:node_modules/escalade Completed in 73ms
153 timing reifyNode:node_modules/y18n Completed in 73ms
154 timing reifyNode:node_modules/cliui Completed in 73ms
155 timing reifyNode:node_modules/localtunnel Completed in 73ms
156 timing reifyNode:node_modules/yargs-parser Completed in 75ms
157 timing reifyNode:node_modules/axios Completed in 81ms
158 timing reifyNode:node_modules/yargs Completed in 83ms
159 timing reify:unpack Completed in 85ms
160 timing reify:unretire Completed in 0ms
161 timing build:queue Completed in 0ms
162 timing build:link:node_modules/localtunnel Completed in 1ms
163 timing build:link Completed in 1ms
164 timing build:deps Completed in 3ms
165 timing build Completed in 3ms
166 timing reify:build Completed in 3ms
167 timing reify:trash Completed in 0ms
168 timing reify:save Completed in 10ms
169 timing reify Completed in 567ms
170 silly ADD node_modules/color-name
171 silly ADD node_modules/color-convert
172 silly ADD node_modules/ansi-styles
173 silly ADD node_modules/ansi-regex
174 silly ADD node_modules/is-fullwidth-code-point
175 silly ADD node_modules/emoji-regex
176 silly ADD node_modules/wrap-ansi
177 silly ADD node_modules/strip-ansi
178 silly ADD node_modules/yargs-parser
179 silly ADD node_modules/y18n
180 silly ADD node_modules/string-width
181 silly ADD node_modules/require-directory
182 silly ADD node_modules/get-caller-file
183 silly ADD node_modules/escalade
184 silly ADD node_modules/cliui
185 silly ADD node_modules/ms
186 silly ADD node_modules/follow-redirects
187 silly ADD node_modules/yargs
188 silly ADD node_modules/openurl
189 silly ADD node_modules/debug
190 silly ADD node_modules/axios
191 silly ADD node_modules/localtunnel
192 timing command:install Completed in 572ms
193 verbose exit 0
194 timing npm Completed in 753ms
195 info ok
